<?xml version="1.0" encoding="UTF-8"?><testrun name="WeatherApiTA" project="WeatherApiTA" tests="2" started="2" failures="1" errors="0" ignored="0">
  <testsuite name="WeatherTestRunner.Runner" time="86.665">
    <testsuite name="Feature: Make the login in the application" time="48.106">
      <testcase name="Verify sign in option is ok" classname="Make the login in the application" time="48.106"/>
    </testsuite>
    <testsuite name="Feature: Search weather in Zaragoza city" time="38.559">
      <testcase name="Verify search button is ok" classname="Search weather in Zaragoza city" time="38.559">
        <failure>java.lang.AssertionError: Test de CONSULTA DE TEMPERATURA EN ZARAGOZA NO SUPERADO&#13;
	at org.junit.Assert.fail(Assert.java:88)&#13;
	at WeatherStepDefinition.SearchStep.The_temperature_of_the_city_of_Zaragoza_is_displayed(SearchStep.java:58)&#13;
	at âœ½.The temperature of the city of Zaragoza is displayed(src/Features/SearchCity.feature:7)&#13;
&#13;
</failure>
      </testcase>
    </testsuite>
  </testsuite>
</testrun>
